<?xml version="1.0" encoding="UTF-8"?>
<testng-results skipped="0" failed="0" ignored="0" total="1" passed="1">
  <reporter-output>
  </reporter-output>
  <suite name="Default suite" duration-ms="49876" started-at="2019-11-22T04:39:42Z" finished-at="2019-11-22T04:40:32Z">
    <groups>
    </groups>
    <test name="Default test" duration-ms="49876" started-at="2019-11-22T04:39:42Z" finished-at="2019-11-22T04:40:32Z">
      <class name="com.Selfdrvn.myAppiumProject.AppTest">
        <test-method status="PASS" signature="setupAppium()[pri:0, instance:com.Selfdrvn.myAppiumProject.AppTest@23d2a7e8]" name="setupAppium" is-config="true" duration-ms="20497" started-at="2019-11-22T04:39:21Z" finished-at="2019-11-22T04:39:42Z">
          <reporter-output>
          </reporter-output>
        </test-method> <!-- setupAppium -->
        <test-method status="PASS" signature="myFirstTest()[pri:0, instance:com.Selfdrvn.myAppiumProject.AppTest@23d2a7e8]" name="myFirstTest" duration-ms="49836" started-at="2019-11-22T04:39:42Z" finished-at="2019-11-22T04:40:32Z">
          <reporter-output>
          </reporter-output>
        </test-method> <!-- myFirstTest -->
      </class> <!-- com.Selfdrvn.myAppiumProject.AppTest -->
    </test> <!-- Default test -->
  </suite> <!-- Default suite -->
</testng-results>
